<?xml version="1.0" encoding="UTF-8"?>
<testsuite xmlns:xsi="http://www.w3.org/2001/XMLSchema-instance" xsi:noNamespaceSchemaLocation="https://maven.apache.org/surefire/maven-surefire-plugin/xsd/surefire-test-report-3.0.xsd" version="3.0" name="cucumber.options.TestRunner" time="13.82" tests="3" errors="0" skipped="0" failures="0">
  <properties>
[...]
</properties>
  <testcase name="Verify if place is being successfully added using AddPlaceAPI #1" classname="Validate Place API&apos;s" time="9.382">
    <system-out><![CDATA[/maps/api/place/add/json
---------response---------------
{"status":"OK","place_id":"4ff0f870403250808acf4c56261f18cf","scope":"APP","reference":"c2e94b48ea3f6857e9f46fd0615eb643c2e94b48ea3f6857e9f46fd0615eb643","id":"c2e94b48ea3f6857e9f46fd0615eb643"}
Response to validate status: {
    "status": "OK",
    "place_id": "4ff0f870403250808acf4c56261f18cf",
    "scope": "APP",
    "reference": "c2e94b48ea3f6857e9f46fd0615eb643c2e94b48ea3f6857e9f46fd0615eb643",
    "id": "c2e94b48ea3f6857e9f46fd0615eb643"
}
/maps/api/place/get/json
---------response---------------
{"location":{"latitude":"-38.383494","longitude":"33.427362"},"accuracy":"101","name":"Abownsle","phone_number":"(+91) 983 893 3937","address":"World cross center1","types":"shoe park1,shop1","website":"http:\/\/OfficeOfFinance.com","language":"English"}
]]></system-out>
    <system-err><![CDATA[Jul 18, 2024 4:02:29 PM io.cucumber.core.options.CucumberPropertiesParser lambda$warnWhenCucumberOptionsIsUsed$2
WARNING: Passing commandline options via the property 'cucumber.options' is no longer supported. Please use individual properties instead. See the java doc on io.cucumber.core.options.Constants for details.
]]></system-err>
  </testcase>
  <testcase name="Verify if place is being successfully added using AddPlaceAPI #2" classname="Validate Place API&apos;s" time="1.131">
    <system-out><![CDATA[/maps/api/place/add/json
---------response---------------
{"status":"OK","place_id":"186ba9f636abcab35e9801ad21f04b68","scope":"APP","reference":"5bf2a2caa2cd58b38e73f5618aa7483e5bf2a2caa2cd58b38e73f5618aa7483e","id":"5bf2a2caa2cd58b38e73f5618aa7483e"}
Response to validate status: {
    "status": "OK",
    "place_id": "186ba9f636abcab35e9801ad21f04b68",
    "scope": "APP",
    "reference": "5bf2a2caa2cd58b38e73f5618aa7483e5bf2a2caa2cd58b38e73f5618aa7483e",
    "id": "5bf2a2caa2cd58b38e73f5618aa7483e"
}
/maps/api/place/get/json
---------response---------------
{"location":{"latitude":"-38.383494","longitude":"33.427362"},"accuracy":"101","name":"BBouse","phone_number":"(+91) 983 893 3937","address":"Sea cross center1","types":"shoe park1,shop1","website":"http:\/\/OfficeOfFinance.com","language":"Spanish"}
]]></system-out>
  </testcase>
  <testcase name="Verify if delete functionality is working" classname="Validate Place API&apos;s" time="1.353">
    <system-out><![CDATA[/maps/api/place/delete/json
---------response---------------
{"status":"OK"}
Response to validate status: {
    "status": "OK"
}
]]></system-out>
  </testcase>
</testsuite>